<?xml version="1.0" encoding="UTF-8"?>
<testsuite name="TestStringAndMapBuilders" tests="1" skipped="0" failures="0" errors="0" timestamp="2020-09-11T21:03:18" hostname="haxor" time="0.023">
  <properties/>
  <testcase name="testBuildMap" classname="TestStringAndMapBuilders" time="0.023"/>
  <system-out><![CDATA[]]></system-out>
  <system-err><![CDATA[]]></system-err>
</testsuite>
