<?xml version="1.0" encoding="UTF-8"?>
<testsuite name="Test" tests="2" skipped="0" failures="0" errors="0" timestamp="2020-08-26T19:57:07" hostname="haxor" time="0.025">
  <properties/>
  <testcase name="testNegative" classname="Test" time="0.007"/>
  <testcase name="testLargeNumber" classname="Test" time="0.018"/>
  <system-out><![CDATA[]]></system-out>
  <system-err><![CDATA[]]></system-err>
</testsuite>
