<?xml version="1.0" encoding="UTF-8"?>
<testsuite name="TestNullableTypes" tests="5" skipped="0" failures="0" errors="0" timestamp="2020-08-26T19:51:26" hostname="haxor" time="0.028">
  <properties/>
  <testcase name="everythingIsOk" classname="TestNullableTypes" time="0.008"/>
  <testcase name="noClient" classname="TestNullableTypes" time="0.007"/>
  <testcase name="noMessage" classname="TestNullableTypes" time="0.003"/>
  <testcase name="noPersonalInfo" classname="TestNullableTypes" time="0.002"/>
  <testcase name="noEmail" classname="TestNullableTypes" time="0.003"/>
  <system-out><![CDATA[]]></system-out>
  <system-err><![CDATA[]]></system-err>
</testsuite>
