<?xml version="1.0" encoding="UTF-8"?>
<testsuite name="TestFlatMap" tests="2" skipped="0" failures="0" errors="0" timestamp="2020-09-03T22:10:19" hostname="haxor" time="0.049">
  <properties/>
  <testcase name="testGetOrderedProductsSet" classname="TestFlatMap" time="0.043"/>
  <testcase name="testGetAllOrderedProducts" classname="TestFlatMap" time="0.005"/>
  <system-out><![CDATA[]]></system-out>
  <system-err><![CDATA[]]></system-err>
</testsuite>
