<?xml version="1.0" encoding="UTF-8"?>
<testsuite name="TestOperatorsOverloading" tests="3" skipped="0" failures="0" errors="0" timestamp="2020-08-31T00:57:35" hostname="haxor" time="0.052">
  <properties/>
  <testcase name="testOneMonth" classname="TestOperatorsOverloading" time="0.028"/>
  <testcase name="testAddOneTimeInterval" classname="TestOperatorsOverloading" time="0.012"/>
  <testcase name="testMonthChange" classname="TestOperatorsOverloading" time="0.01"/>
  <system-out><![CDATA[]]></system-out>
  <system-err><![CDATA[]]></system-err>
</testsuite>
