<?xml version="1.0" encoding="UTF-8"?>
<testsuite name="TestDelegatesExamples" tests="2" skipped="0" failures="0" errors="0" timestamp="2020-09-10T22:17:26" hostname="haxor" time="0.028">
  <properties/>
  <testcase name="testLazy" classname="TestDelegatesExamples" time="0.022"/>
  <testcase name="initializedOnce" classname="TestDelegatesExamples" time="0.005"/>
  <system-out><![CDATA[]]></system-out>
  <system-err><![CDATA[]]></system-err>
</testsuite>
