<?xml version="1.0" encoding="UTF-8"?>
<testsuite name="TestIntroduction" tests="1" skipped="0" failures="0" errors="0" timestamp="2020-08-31T01:06:02" hostname="haxor" time="0.04">
  <properties/>
  <testcase name="testSetOfCustomers" classname="TestIntroduction" time="0.04"/>
  <system-out><![CDATA[]]></system-out>
  <system-err><![CDATA[]]></system-err>
</testsuite>
