<?xml version="1.0" encoding="UTF-8"?>
<testsuite name="TestSealedClasses" tests="3" skipped="0" failures="0" errors="0" timestamp="2020-08-27T21:20:11" hostname="haxor" time="0.019">
  <properties/>
  <testcase name="testNum" classname="TestSealedClasses" time="0.008"/>
  <testcase name="testSum" classname="TestSealedClasses" time="0.003"/>
  <testcase name="testRecursion" classname="TestSealedClasses" time="0.008"/>
  <system-out><![CDATA[]]></system-out>
  <system-err><![CDATA[]]></system-err>
</testsuite>
