<?xml version="1.0" encoding="UTF-8"?>
<testsuite name="TestTheFunctionWith" tests="2" skipped="0" failures="0" errors="0" timestamp="2020-09-17T22:01:07" hostname="haxor" time="0.026">
  <properties/>
  <testcase name="testCreateString" classname="TestTheFunctionWith" time="0.011"/>
  <testcase name="testCreateMap" classname="TestTheFunctionWith" time="0.014"/>
  <system-out><![CDATA[]]></system-out>
  <system-err><![CDATA[]]></system-err>
</testsuite>
