<?xml version="1.0" encoding="UTF-8"?>
<testsuite name="TestExtensionFunctions" tests="2" skipped="0" failures="0" errors="0" timestamp="2020-08-27T21:58:49" hostname="haxor" time="0.02">
  <properties/>
  <testcase name="testPairExtension" classname="TestExtensionFunctions" time="0.014"/>
  <testcase name="testIntExtension" classname="TestExtensionFunctions" time="0.006"/>
  <system-out><![CDATA[]]></system-out>
  <system-err><![CDATA[]]></system-err>
</testsuite>
