<?xml version="1.0" encoding="UTF-8"?>
<testsuite name="TestDataClasses" tests="2" skipped="0" failures="0" errors="0" timestamp="2020-08-26T23:56:03" hostname="haxor" time="0.052">
  <properties/>
  <testcase name="testComparePeople" classname="TestDataClasses" time="0.024"/>
  <testcase name="testListOfPeople" classname="TestDataClasses" time="0.025"/>
  <system-out><![CDATA[]]></system-out>
  <system-err><![CDATA[]]></system-err>
</testsuite>
