<?xml version="1.0" encoding="UTF-8"?>
<testsuite name="TestSort" tests="1" skipped="0" failures="0" errors="0" timestamp="2020-08-31T23:48:19" hostname="haxor" time="0.063">
  <properties/>
  <testcase name="testGetCustomersSortedByNumberOfOrders" classname="TestSort" time="0.063"/>
  <system-out><![CDATA[]]></system-out>
  <system-err><![CDATA[]]></system-err>
</testsuite>
