<?xml version="1.0" encoding="UTF-8"?>
<testsuite name="TestStart" tests="1" skipped="0" failures="0" errors="0" timestamp="2020-08-26T00:06:11" hostname="haxor" time="0.019">
  <properties/>
  <testcase name="testOk" classname="TestStart" time="0.019"/>
  <system-out><![CDATA[]]></system-out>
  <system-err><![CDATA[]]></system-err>
</testsuite>
