<?xml version="1.0" encoding="UTF-8"?>
<testsuite name="TestSum" tests="2" skipped="0" failures="0" errors="0" timestamp="2020-09-01T21:07:41" hostname="haxor" time="0.095">
  <properties/>
  <testcase name="testGetTotalOrderPrice" classname="TestSum" time="0.091"/>
  <testcase name="testGetTotalOrderPrice1" classname="TestSum" time="0.003"/>
  <system-out><![CDATA[]]></system-out>
  <system-err><![CDATA[]]></system-err>
</testsuite>
