<?xml version="1.0" encoding="UTF-8"?>
<testsuite name="TestHtmlBuilders" tests="2" skipped="0" failures="0" errors="0" timestamp="2020-09-18T21:41:15" hostname="haxor" time="0.048">
  <properties/>
  <testcase name="productTableIsColored" classname="TestHtmlBuilders" time="0.046"/>
  <testcase name="productTableIsFilled" classname="TestHtmlBuilders" time="0.002"/>
  <system-out><![CDATA[]]></system-out>
  <system-err><![CDATA[]]></system-err>
</testsuite>
