<?xml version="1.0" encoding="UTF-8"?>
<testsuite name="HtmlDslTest" tests="3" skipped="0" failures="0" errors="0" timestamp="2020-09-22T20:47:19" hostname="haxor" time="0.03">
  <properties/>
  <testcase name="testSample" classname="HtmlDslTest" time="0.022"/>
  <testcase name="testTable1" classname="HtmlDslTest" time="0.002"/>
  <testcase name="testTable2" classname="HtmlDslTest" time="0.006"/>
  <system-out><![CDATA[]]></system-out>
  <system-err><![CDATA[]]></system-err>
</testsuite>
