<?xml version="1.0" encoding="UTF-8"?>
<testsuite name="TestLambdas" tests="2" skipped="0" failures="0" errors="0" timestamp="2020-08-26T22:54:03" hostname="haxor" time="0.026">
  <properties/>
  <testcase name="contains" classname="TestLambdas" time="0.023"/>
  <testcase name="notContains" classname="TestLambdas" time="0.002"/>
  <system-out><![CDATA[]]></system-out>
  <system-err><![CDATA[]]></system-err>
</testsuite>
