<?xml version="1.0" encoding="UTF-8"?>
<testsuite name="TestForLoop" tests="2" skipped="0" failures="0" errors="0" timestamp="2020-08-29T19:33:37" hostname="haxor" time="0.044">
  <properties/>
  <testcase name="testIterateOverDateRange" classname="TestForLoop" time="0.037"/>
  <testcase name="testIterateOverEmptyRange" classname="TestForLoop" time="0.006"/>
  <system-out><![CDATA[]]></system-out>
  <system-err><![CDATA[]]></system-err>
</testsuite>
